<?xml version="1.0" encoding="UTF-8"?>
<testsuite xmlns:xsi="http://www.w3.org/2001/XMLSchema-instance" xsi:noNamespaceSchemaLocation="https://maven.apache.org/surefire/maven-surefire-plugin/xsd/surefire-test-report-3.0.xsd" version="3.0" name="com.example.templateapp.controller.MessageControllerTest" time="6.497" tests="6" errors="0" skipped="0" failures="0">
  <properties>
[...]
</properties>
  <testcase name="shouldUpdateMessage" classname="com.example.templateapp.controller.MessageControllerTest" time="0.711">
    <system-out><![CDATA[15:09:49.481 [main] INFO org.springframework.test.context.support.AnnotationConfigContextLoaderUtils -- Could not detect default configuration classes for test class [com.example.templateapp.controller.MessageControllerTest]: MessageControllerTest does not declare any static, non-private, non-final, nested classes annotated with @Configuration.
15:09:49.754 [main] INFO org.springframework.boot.test.context.SpringBootTestContextBootstrapper -- Found @SpringBootConfiguration com.example.templateapp.TemplateApplication for test class com.example.templateapp.controller.MessageControllerTest

  .   ____          _            __ _ _
 /\\ / ___'_ __ _ _(_)_ __  __ _ \ \ \ \
( ( )\___ | '_ | '_| | '_ \/ _` | \ \ \ \
 \\/  ___)| |_)| | | | | || (_| |  ) ) ) )
  '  |____| .__|_| |_|_| |_\__, | / / / /
 =========|_|==============|___/=/_/_/_/
 :: Spring Boot ::                (v3.2.0)

2025-11-27 15:09:50 - Starting MessageControllerTest using Java 21.0.9 with PID 2664 (started by LuizMandico in C:\dev\GITHUB\template_infra_app\app)
2025-11-27 15:09:50 - Running with Spring Boot v3.2.0, Spring v6.1.1
2025-11-27 15:09:50 - No active profile set, falling back to 1 default profile: "default"
2025-11-27 15:09:54 - Initializing Spring TestDispatcherServlet ''
2025-11-27 15:09:54 - Initializing Servlet ''
2025-11-27 15:09:54 - Completed initialization in 2 ms
2025-11-27 15:09:54 - Started MessageControllerTest in 4.881 seconds (process running for 7.125)
]]></system-out>
    <system-err><![CDATA[WARNING: A Java agent has been loaded dynamically (C:\Users\LuizMandico\.m2\repository\net\bytebuddy\byte-buddy-agent\1.14.10\byte-buddy-agent-1.14.10.jar)
WARNING: If a serviceability tool is in use, please run with -XX:+EnableDynamicAgentLoading to hide this warning
WARNING: If a serviceability tool is not in use, please run with -Djdk.instrument.traceUsage for more information
WARNING: Dynamic loading of agents will be disallowed by default in a future release
]]></system-err>
  </testcase>
  <testcase name="shouldGetAllMessages" classname="com.example.templateapp.controller.MessageControllerTest" time="0.027"/>
  <testcase name="shouldDeleteMessage" classname="com.example.templateapp.controller.MessageControllerTest" time="0.01"/>
  <testcase name="shouldReturnBadRequestForInvalidMessage" classname="com.example.templateapp.controller.MessageControllerTest" time="0.034"/>
  <testcase name="shouldGetMessageById" classname="com.example.templateapp.controller.MessageControllerTest" time="0.009"/>
  <testcase name="shouldCreateMessage" classname="com.example.templateapp.controller.MessageControllerTest" time="0.008"/>
</testsuite>